Using pre-set license
Built from '2022.3/staging' branch; Version is '2022.3.14f1 (eff2de9070d8) revision 15725278'; Using compiler version '192829333'; Build Type 'Release'
OS: 'Windows 10  (10.0.19045) 64bit Education' Language: 'ko' Physical Memory: 16297 MB
BatchMode: 1, IsHumanControllingUs: 0, StartBugReporterOnCrash: 0, Is64bit: 1, IsPro: 1

COMMAND LINE ARGUMENTS:
C:\Program Files\Unity\Hub\Editor\2022.3.14f1\Editor\Unity.exe
-adb2
-batchMode
-noUpm
-name
AssetImportWorker0
-projectPath
C:/Users/Administrator/Desktop/PhotonJuly-main/Photon Server Game
-logFile
Logs/AssetImportWorker0.log
-srvPort
49681
Successfully changed project path to: C:/Users/Administrator/Desktop/PhotonJuly-main/Photon Server Game
C:/Users/Administrator/Desktop/PhotonJuly-main/Photon Server Game
[UnityMemory] Configuration Parameters - Can be set up in boot.config
    "memorysetup-bucket-allocator-granularity=16"
    "memorysetup-bucket-allocator-bucket-count=8"
    "memorysetup-bucket-allocator-block-size=33554432"
    "memorysetup-bucket-allocator-block-count=8"
    "memorysetup-main-allocator-block-size=16777216"
    "memorysetup-thread-allocator-block-size=16777216"
    "memorysetup-gfx-main-allocator-block-size=16777216"
    "memorysetup-gfx-thread-allocator-block-size=16777216"
    "memorysetup-cache-allocator-block-size=4194304"
    "memorysetup-typetree-allocator-block-size=2097152"
    "memorysetup-profiler-bucket-allocator-granularity=16"
    "memorysetup-profiler-bucket-allocator-bucket-count=8"
    "memorysetup-profiler-bucket-allocator-block-size=33554432"
    "memorysetup-profiler-bucket-allocator-block-count=8"
    "memorysetup-profiler-allocator-block-size=16777216"
    "memorysetup-profiler-editor-allocator-block-size=1048576"
    "memorysetup-temp-allocator-size-main=16777216"
    "memorysetup-job-temp-allocator-block-size=2097152"
    "memorysetup-job-temp-allocator-block-size-background=1048576"
    "memorysetup-job-temp-allocator-reduction-small-platforms=262144"
    "memorysetup-allocator-temp-initial-block-size-main=262144"
    "memorysetup-allocator-temp-initial-block-size-worker=262144"
    "memorysetup-temp-allocator-size-background-worker=32768"
    "memorysetup-temp-allocator-size-job-worker=262144"
    "memorysetup-temp-allocator-size-preload-manager=33554432"
    "memorysetup-temp-allocator-size-nav-mesh-worker=65536"
    "memorysetup-temp-allocator-size-audio-worker=65536"
    "memorysetup-temp-allocator-size-cloud-worker=32768"
    "memorysetup-temp-allocator-size-gi-baking-worker=262144"
    "memorysetup-temp-allocator-size-gfx=262144"
Player connection [9912] Host "[IP] 192.168.0.62 [Port] 0 [Flags] 2 [Guid] 640686871 [EditorId] 640686871 [Version] 1048832 [Id] WindowsEditor(7,I-06) [Debug] 1 [PackageName] WindowsEditor [ProjectName] Editor" joined multi-casting on [225.0.0.222:54997]...

Player connection [9912] Host "[IP] 192.168.0.62 [Port] 0 [Flags] 2 [Guid] 640686871 [EditorId] 640686871 [Version] 1048832 [Id] WindowsEditor(7,I-06) [Debug] 1 [PackageName] WindowsEditor [ProjectName] Editor" joined alternative multi-casting on [225.0.0.222:34997]...

[Physics::Module] Initialized MultithreadedJobDispatcher with 15 workers.
Refreshing native plugins compatible for Editor in 11.45 ms, found 3 plugins.
Preloading 0 native plugins for Editor in 0.00 ms.
Initialize engine version: 2022.3.14f1 (eff2de9070d8)
[Subsystems] Discovering subsystems at path C:/Program Files/Unity/Hub/Editor/2022.3.14f1/Editor/Data/Resources/UnitySubsystems
[Subsystems] Discovering subsystems at path C:/Users/Administrator/Desktop/PhotonJuly-main/Photon Server Game/Assets
GfxDevice: creating device client; threaded=0; jobified=0
Direct3D:
    Version:  Direct3D 11.0 [level 11.1]
    Renderer: NVIDIA GeForce GTX 1660 (ID=0x2184)
    Vendor:   NVIDIA
    VRAM:     5980 MB
    Driver:   31.0.15.3623
Initialize mono
Mono path[0] = 'C:/Program Files/Unity/Hub/Editor/2022.3.14f1/Editor/Data/Managed'
Mono path[1] = 'C:/Program Files/Unity/Hub/Editor/2022.3.14f1/Editor/Data/MonoBleedingEdge/lib/mono/unityjit-win32'
Mono config path = 'C:/Program Files/Unity/Hub/Editor/2022.3.14f1/Editor/Data/MonoBleedingEdge/etc'
Using monoOptions --debugger-agent=transport=dt_socket,embedding=1,server=y,suspend=n,address=127.0.0.1:56748
Begin MonoManager ReloadAssembly
Registering precompiled unity dll's ...
Register platform support module: C:/Program Files/Unity/Hub/Editor/2022.3.14f1/Editor/Data/PlaybackEngines/WebGLSupport/UnityEditor.WebGL.Extensions.dll
Register platform support module: C:/Program Files/Unity/Hub/Editor/2022.3.14f1/Editor/Data/PlaybackEngines/AndroidPlayer/UnityEditor.Android.Extensions.dll
Register platform support module: C:/Program Files/Unity/Hub/Editor/2022.3.14f1/Editor/Data/PlaybackEngines/WindowsStandaloneSupport/UnityEditor.WindowsStandalone.Extensions.dll
Register platform support module: C:/Program Files/Unity/Hub/Editor/2022.3.14f1/Editor/Data/PlaybackEngines/MetroSupport/UnityEditor.UWP.Extensions.dll
Registered in 0.007940 seconds.
- Loaded All Assemblies, in  0.338 seconds
Native extension for UWP target not found
Native extension for WindowsStandalone target not found
Native extension for Android target not found
Android Extension - Scanning For ADB Devices 251 ms
Native extension for WebGL target not found
Mono: successfully reloaded assembly
- Finished resetting the current domain, in  0.543 seconds
Domain Reload Profiling: 880ms
	BeginReloadAssembly (105ms)
		ExecutionOrderSort (0ms)
		DisableScriptedObjects (0ms)
		BackupInstance (0ms)
		ReleaseScriptingObjects (0ms)
		CreateAndSetChildDomain (1ms)
	RebuildCommonClasses (31ms)
	RebuildNativeTypeToScriptingClass (9ms)
	initialDomainReloadingComplete (49ms)
	LoadAllAssembliesAndSetupDomain (143ms)
		LoadAssemblies (105ms)
		RebuildTransferFunctionScriptingTraits (0ms)
		AnalyzeDomain (140ms)
			TypeCache.Refresh (138ms)
				TypeCache.ScanAssembly (126ms)
			ScanForSourceGeneratedMonoScriptInfo (0ms)
			ResolveRequiredComponents (0ms)
	FinalizeReload (543ms)
		ReleaseScriptCaches (0ms)
		RebuildScriptCaches (0ms)
		SetupLoadedEditorAssemblies (492ms)
			LogAssemblyErrors (0ms)
			InitializePlatformSupportModulesInManaged (350ms)
			SetLoadedEditorAssemblies (3ms)
			RefreshPlugins (0ms)
			BeforeProcessingInitializeOnLoad (2ms)
			ProcessInitializeOnLoadAttributes (89ms)
			ProcessInitializeOnLoadMethodAttributes (47ms)
			AfterProcessingInitializeOnLoad (0ms)
			EditorAssembliesLoaded (0ms)
		ExecutionOrderSort2 (0ms)
		AwakeInstancesAfterBackupRestoration (0ms)
========================================================================
Worker process is ready to serve import requests
Begin MonoManager ReloadAssembly
- Loaded All Assemblies, in  0.680 seconds
Refreshing native plugins compatible for Editor in 4.56 ms, found 3 plugins.
Native extension for UWP target not found
Native extension for WindowsStandalone target not found
Native extension for Android target not found
Native extension for WebGL target not found
Package Manager log level set to [2]
[Package Manager] Server::EnsureServerProcessIsRunning -- launch failed, reason: Unity was launched with the -noUpm command-line argument
[Package Manager] UpmClient::Send -- Unable to send message (not connected to UPM process).
[Package Manager] Cannot connect to Unity Package Manager local server
Mono: successfully reloaded assembly
- Finished resetting the current domain, in  0.853 seconds
Domain Reload Profiling: 1533ms
	BeginReloadAssembly (137ms)
		ExecutionOrderSort (0ms)
		DisableScriptedObjects (5ms)
		BackupInstance (0ms)
		ReleaseScriptingObjects (0ms)
		CreateAndSetChildDomain (20ms)
	RebuildCommonClasses (33ms)
	RebuildNativeTypeToScriptingClass (12ms)
	initialDomainReloadingComplete (42ms)
	LoadAllAssembliesAndSetupDomain (456ms)
		LoadAssemblies (301ms)
		RebuildTransferFunctionScriptingTraits (0ms)
		AnalyzeDomain (235ms)
			TypeCache.Refresh (209ms)
				TypeCache.ScanAssembly (186ms)
			ScanForSourceGeneratedMonoScriptInfo (17ms)
			ResolveRequiredComponents (7ms)
	FinalizeReload (853ms)
		ReleaseScriptCaches (0ms)
		RebuildScriptCaches (0ms)
		SetupLoadedEditorAssemblies (692ms)
			LogAssemblyErrors (0ms)
			InitializePlatformSupportModulesInManaged (22ms)
			SetLoadedEditorAssemblies (4ms)
			RefreshPlugins (0ms)
			BeforeProcessingInitializeOnLoad (58ms)
			ProcessInitializeOnLoadAttributes (583ms)
			ProcessInitializeOnLoadMethodAttributes (22ms)
			AfterProcessingInitializeOnLoad (3ms)
			EditorAssembliesLoaded (0ms)
		ExecutionOrderSort2 (0ms)
		AwakeInstancesAfterBackupRestoration (11ms)
Launched and connected shader compiler UnityShaderCompiler.exe after 0.04 seconds
Refreshing native plugins compatible for Editor in 4.07 ms, found 3 plugins.
Preloading 0 native plugins for Editor in 0.00 ms.
Unloading 3463 Unused Serialized files (Serialized files now loaded: 0)
Unloading 48 unused Assets / (62.5 KB). Loaded Objects now: 3920.
Memory consumption went from 140.4 MB to 140.4 MB.
Total: 4.447300 ms (FindLiveObjects: 0.477800 ms CreateObjectMapping: 0.437800 ms MarkObjects: 3.398100 ms  DeleteObjects: 0.132400 ms)

AssetImportParameters requested are different than current active one (requested -> active):
  custom:container-demuxer-ogg: 62fdf1f143b41e24485cea50d1cbac27 -> 
  custom:video-decoder-ogg-theora: a1e56fd34408186e4bbccfd4996cb3dc -> 
  custom:framework-win-MediaFoundation: 216162199b28c13a410421893ffa2e32 -> 
  custom:CustomObjectIndexerAttribute: 756ad292c208cfabdd7b50bc23989ffe -> 
  custom:container-demuxer-webm: 4f35f7cbe854078d1ac9338744f61a02 -> 
  custom:container-muxer-webm: aa71ff27fc2769a1b78a27578f13a17b -> 
  custom:video-decoder-webm-vp8: 9c59270c3fd7afecdb556c50c9e8de78 -> 
  custom:SearchIndexIgnoredProperties: e643bd26f0fe6173181afceb89e7c659 -> 
  custom:AudioImporter_EditorPlatform: d09bf68614088b80899f8185d706f6e7 -> 
  custom:video-encoder-webm-vp8: eb34c28f22e8b96e1ab97ce403110664 -> 
  custom:audio-decoder-ogg-vorbis: bf7c407c2cedff20999df2af8eb42d56 -> 
  custom:audio-encoder-webm-vorbis: bf7c407c2cedff20999df2af8eb42d56 -> 
========================================================================
Received Import Request.
  Time since last request: 893.512612 seconds.
  path: Assets/Monsters/Watcher/Animation
  artifactKey: Guid(fa7619e45e5c6cb4fb91a50c605082ea) Importer(815301076,1909f56bfc062723c751e8b465ee728b)
Start importing Assets/Monsters/Watcher/Animation using Guid(fa7619e45e5c6cb4fb91a50c605082ea) Importer(815301076,1909f56bfc062723c751e8b465ee728b)  -> (artifact id: 'af0b61d63b81030872949d006947ffec') in 0.001818 seconds
Number of updated asset objects reloaded before import = 0
Number of asset objects unloaded after import = 0
========================================================================
Received Import Request.
  Time since last request: 67.842189 seconds.
  path: Assets/Scripts/GameManager.cs
  artifactKey: Guid(6570d353c2f9f72469a2d80dcbd50c56) Importer(815301076,1909f56bfc062723c751e8b465ee728b)
Start importing Assets/Scripts/GameManager.cs using Guid(6570d353c2f9f72469a2d80dcbd50c56) Importer(815301076,1909f56bfc062723c751e8b465ee728b)  -> (artifact id: '5ac1dc2443eed0686fa72a15734a1b95') in 0.000417 seconds
Number of updated asset objects reloaded before import = 0
Number of asset objects unloaded after import = 0
========================================================================
Received Import Request.
  Time since last request: 123.246442 seconds.
  path: Assets/Scripts/GameManager.cs
  artifactKey: Guid(6570d353c2f9f72469a2d80dcbd50c56) Importer(815301076,1909f56bfc062723c751e8b465ee728b)
Start importing Assets/Scripts/GameManager.cs using Guid(6570d353c2f9f72469a2d80dcbd50c56) Importer(815301076,1909f56bfc062723c751e8b465ee728b)  -> (artifact id: '581130dab4636de99fd744a349935c63') in 0.000548 seconds
Number of updated asset objects reloaded before import = 0
Number of asset objects unloaded after import = 0
========================================================================
Received Prepare
Begin MonoManager ReloadAssembly
- Loaded All Assemblies, in  0.449 seconds
Refreshing native plugins compatible for Editor in 3.52 ms, found 3 plugins.
Native extension for UWP target not found
Native extension for WindowsStandalone target not found
Native extension for Android target not found
Native extension for WebGL target not found
[Package Manager] Server::EnsureServerProcessIsRunning -- launch failed, reason: Unity was launched with the -noUpm command-line argument
[Package Manager] UpmClient::Send -- Unable to send message (not connected to UPM process).
[Package Manager] Cannot connect to Unity Package Manager local server
Mono: successfully reloaded assembly
- Finished resetting the current domain, in  1.178 seconds
Domain Reload Profiling: 1626ms
	BeginReloadAssembly (163ms)
		ExecutionOrderSort (0ms)
		DisableScriptedObjects (5ms)
		BackupInstance (0ms)
		ReleaseScriptingObjects (0ms)
		CreateAndSetChildDomain (44ms)
	RebuildCommonClasses (29ms)
	RebuildNativeTypeToScriptingClass (10ms)
	initialDomainReloadingComplete (26ms)
	LoadAllAssembliesAndSetupDomain (220ms)
		LoadAssemblies (282ms)
		RebuildTransferFunctionScriptingTraits (0ms)
		AnalyzeDomain (24ms)
			TypeCache.Refresh (10ms)
				TypeCache.ScanAssembly (1ms)
			ScanForSourceGeneratedMonoScriptInfo (6ms)
			ResolveRequiredComponents (7ms)
	FinalizeReload (1178ms)
		ReleaseScriptCaches (0ms)
		RebuildScriptCaches (0ms)
		SetupLoadedEditorAssemblies (704ms)
			LogAssemblyErrors (0ms)
			InitializePlatformSupportModulesInManaged (25ms)
			SetLoadedEditorAssemblies (4ms)
			RefreshPlugins (0ms)
			BeforeProcessingInitializeOnLoad (52ms)
			ProcessInitializeOnLoadAttributes (588ms)
			ProcessInitializeOnLoadMethodAttributes (29ms)
			AfterProcessingInitializeOnLoad (5ms)
			EditorAssembliesLoaded (1ms)
		ExecutionOrderSort2 (0ms)
		AwakeInstancesAfterBackupRestoration (19ms)
Refreshing native plugins compatible for Editor in 3.75 ms, found 3 plugins.
Preloading 0 native plugins for Editor in 0.00 ms.
Unloading 3438 Unused Serialized files (Serialized files now loaded: 0)
Unloading 36 unused Assets / (37.8 KB). Loaded Objects now: 3925.
Memory consumption went from 137.0 MB to 136.9 MB.
Total: 2.645500 ms (FindLiveObjects: 0.252900 ms CreateObjectMapping: 0.229200 ms MarkObjects: 2.109200 ms  DeleteObjects: 0.053500 ms)

Prepare: number of updated asset objects reloaded= 1
AssetImportParameters requested are different than current active one (requested -> active):
  custom:container-demuxer-ogg: 62fdf1f143b41e24485cea50d1cbac27 -> 
  custom:video-decoder-ogg-theora: a1e56fd34408186e4bbccfd4996cb3dc -> 
  custom:framework-win-MediaFoundation: 216162199b28c13a410421893ffa2e32 -> 
  custom:CustomObjectIndexerAttribute: 756ad292c208cfabdd7b50bc23989ffe -> 
  custom:container-demuxer-webm: 4f35f7cbe854078d1ac9338744f61a02 -> 
  custom:container-muxer-webm: aa71ff27fc2769a1b78a27578f13a17b -> 
  custom:video-decoder-webm-vp8: 9c59270c3fd7afecdb556c50c9e8de78 -> 
  custom:SearchIndexIgnoredProperties: e643bd26f0fe6173181afceb89e7c659 -> 
  custom:AudioImporter_EditorPlatform: d09bf68614088b80899f8185d706f6e7 -> 
  custom:video-encoder-webm-vp8: eb34c28f22e8b96e1ab97ce403110664 -> 
  custom:audio-decoder-ogg-vorbis: bf7c407c2cedff20999df2af8eb42d56 -> 
  custom:audio-encoder-webm-vorbis: bf7c407c2cedff20999df2af8eb42d56 -> 
========================================================================
Received Import Request.
  Time since last request: 384.089026 seconds.
  path: Assets/Scripts/GameManager.cs
  artifactKey: Guid(6570d353c2f9f72469a2d80dcbd50c56) Importer(815301076,1909f56bfc062723c751e8b465ee728b)
Start importing Assets/Scripts/GameManager.cs using Guid(6570d353c2f9f72469a2d80dcbd50c56) Importer(815301076,1909f56bfc062723c751e8b465ee728b)  -> (artifact id: '6e3e124962e79084a78c36c77fbb697b') in 0.002114 seconds
Number of updated asset objects reloaded before import = 0
Number of asset objects unloaded after import = 0
========================================================================
Received Prepare
Begin MonoManager ReloadAssembly
- Loaded All Assemblies, in  0.440 seconds
Refreshing native plugins compatible for Editor in 3.51 ms, found 3 plugins.
Native extension for UWP target not found
Native extension for WindowsStandalone target not found
Native extension for Android target not found
Native extension for WebGL target not found
[Package Manager] Server::EnsureServerProcessIsRunning -- launch failed, reason: Unity was launched with the -noUpm command-line argument
[Package Manager] UpmClient::Send -- Unable to send message (not connected to UPM process).
[Package Manager] Cannot connect to Unity Package Manager local server
Mono: successfully reloaded assembly
- Finished resetting the current domain, in  0.969 seconds
Domain Reload Profiling: 1408ms
	BeginReloadAssembly (151ms)
		ExecutionOrderSort (0ms)
		DisableScriptedObjects (5ms)
		BackupInstance (0ms)
		ReleaseScriptingObjects (0ms)
		CreateAndSetChildDomain (42ms)
	RebuildCommonClasses (30ms)
	RebuildNativeTypeToScriptingClass (14ms)
	initialDomainReloadingComplete (27ms)
	LoadAllAssembliesAndSetupDomain (217ms)
		LoadAssemblies (271ms)
		RebuildTransferFunctionScriptingTraits (0ms)
		AnalyzeDomain (24ms)
			TypeCache.Refresh (10ms)
				TypeCache.ScanAssembly (1ms)
			ScanForSourceGeneratedMonoScriptInfo (6ms)
			ResolveRequiredComponents (7ms)
	FinalizeReload (969ms)
		ReleaseScriptCaches (0ms)
		RebuildScriptCaches (0ms)
		SetupLoadedEditorAssemblies (563ms)
			LogAssemblyErrors (0ms)
			InitializePlatformSupportModulesInManaged (22ms)
			SetLoadedEditorAssemblies (4ms)
			RefreshPlugins (0ms)
			BeforeProcessingInitializeOnLoad (52ms)
			ProcessInitializeOnLoadAttributes (460ms)
			ProcessInitializeOnLoadMethodAttributes (23ms)
			AfterProcessingInitializeOnLoad (3ms)
			EditorAssembliesLoaded (0ms)
		ExecutionOrderSort2 (0ms)
		AwakeInstancesAfterBackupRestoration (13ms)
Refreshing native plugins compatible for Editor in 3.61 ms, found 3 plugins.
Preloading 0 native plugins for Editor in 0.00 ms.
Unloading 3438 Unused Serialized files (Serialized files now loaded: 0)
Unloading 36 unused Assets / (36.7 KB). Loaded Objects now: 3930.
Memory consumption went from 138.9 MB to 138.9 MB.
Total: 2.331400 ms (FindLiveObjects: 0.247400 ms CreateObjectMapping: 0.203000 ms MarkObjects: 1.836800 ms  DeleteObjects: 0.043800 ms)

Prepare: number of updated asset objects reloaded= 0
AssetImportParameters requested are different than current active one (requested -> active):
  custom:container-demuxer-ogg: 62fdf1f143b41e24485cea50d1cbac27 -> 
  custom:video-decoder-ogg-theora: a1e56fd34408186e4bbccfd4996cb3dc -> 
  custom:framework-win-MediaFoundation: 216162199b28c13a410421893ffa2e32 -> 
  custom:CustomObjectIndexerAttribute: 756ad292c208cfabdd7b50bc23989ffe -> 
  custom:container-demuxer-webm: 4f35f7cbe854078d1ac9338744f61a02 -> 
  custom:container-muxer-webm: aa71ff27fc2769a1b78a27578f13a17b -> 
  custom:video-decoder-webm-vp8: 9c59270c3fd7afecdb556c50c9e8de78 -> 
  custom:SearchIndexIgnoredProperties: e643bd26f0fe6173181afceb89e7c659 -> 
  custom:AudioImporter_EditorPlatform: d09bf68614088b80899f8185d706f6e7 -> 
  custom:video-encoder-webm-vp8: eb34c28f22e8b96e1ab97ce403110664 -> 
  custom:audio-decoder-ogg-vorbis: bf7c407c2cedff20999df2af8eb42d56 -> 
  custom:audio-encoder-webm-vorbis: bf7c407c2cedff20999df2af8eb42d56 -> 
========================================================================
Received Import Request.
  Time since last request: 318.341589 seconds.
  path: Assets/Zololgo/FlatPoly Floating Islands/Materials
  artifactKey: Guid(f5546c5b5cf4a8c428947583ad103716) Importer(815301076,1909f56bfc062723c751e8b465ee728b)
Start importing Assets/Zololgo/FlatPoly Floating Islands/Materials using Guid(f5546c5b5cf4a8c428947583ad103716) Importer(815301076,1909f56bfc062723c751e8b465ee728b)  -> (artifact id: '8a9912b72e8da8bb367e9f16cd341cab') in 0.002327 seconds
Number of updated asset objects reloaded before import = 0
Number of asset objects unloaded after import = 0
========================================================================
Received Import Request.
  Time since last request: 0.531472 seconds.
  path: Assets/Zololgo/FlatPoly Floating Islands/Models
  artifactKey: Guid(c806293ad883db2449b148806b8cd08a) Importer(815301076,1909f56bfc062723c751e8b465ee728b)
Start importing Assets/Zololgo/FlatPoly Floating Islands/Models using Guid(c806293ad883db2449b148806b8cd08a) Importer(815301076,1909f56bfc062723c751e8b465ee728b)  -> (artifact id: 'e6217bc8df68b8666b8ab89ba9d8cf52') in 0.000367 seconds
Number of updated asset objects reloaded before import = 0
Number of asset objects unloaded after import = 0
========================================================================
Received Import Request.
  Time since last request: 0.102376 seconds.
  path: Assets/Zololgo/FlatPoly Floating Islands/Models/floating_islands_environment.obj
  artifactKey: Guid(3dff5c602fa2a3a45b81246f45003770) Importer(815301076,1909f56bfc062723c751e8b465ee728b)
Start importing Assets/Zololgo/FlatPoly Floating Islands/Models/floating_islands_environment.obj using Guid(3dff5c602fa2a3a45b81246f45003770) Importer(815301076,1909f56bfc062723c751e8b465ee728b)  -> (artifact id: '169bed47e102799bcb5e0e95b94583c4') in 0.303298 seconds
Number of updated asset objects reloaded before import = 0
Number of asset objects unloaded after import = 214
========================================================================
Received Import Request.
  Time since last request: 62.531329 seconds.
  path: Assets/Zololgo/FlatPoly Floating Islands/Materials/Floating Islands Base.mat
  artifactKey: Guid(e4684a765ffa43d4caa4ec942f89f91d) Importer(815301076,1909f56bfc062723c751e8b465ee728b)
Start importing Assets/Zololgo/FlatPoly Floating Islands/Materials/Floating Islands Base.mat using Guid(e4684a765ffa43d4caa4ec942f89f91d) Importer(815301076,1909f56bfc062723c751e8b465ee728b)  -> (artifact id: '1f58b78ce2de0e8a5fe2fbcfeced3816') in 0.036130 seconds
Number of updated asset objects reloaded before import = 0
Number of asset objects unloaded after import = 2
========================================================================
Received Import Request.
  Time since last request: 0.905886 seconds.
  path: Assets/Zololgo/FlatPoly Floating Islands/Post Processing Profiles/FlatPoly Floating Islands.asset
  artifactKey: Guid(72eb7577eb7adfe468d74fd7a5b5eeb5) Importer(815301076,1909f56bfc062723c751e8b465ee728b)
Start importing Assets/Zololgo/FlatPoly Floating Islands/Post Processing Profiles/FlatPoly Floating Islands.asset using Guid(72eb7577eb7adfe468d74fd7a5b5eeb5) Importer(815301076,1909f56bfc062723c751e8b465ee728b)  -> (artifact id: 'd60c1de7786292ca39255f69752c1420') in 0.001182 seconds
Number of updated asset objects reloaded before import = 0
Number of asset objects unloaded after import = 1
========================================================================
Received Import Request.
  Time since last request: 34.089828 seconds.
  path: Assets/External Assets
  artifactKey: Guid(7b5b8a5e535b81b47915ae5a5175c154) Importer(815301076,1909f56bfc062723c751e8b465ee728b)
Start importing Assets/External Assets using Guid(7b5b8a5e535b81b47915ae5a5175c154) Importer(815301076,1909f56bfc062723c751e8b465ee728b)  -> (artifact id: '6bdef73fd3cd475e646a9581d8c4d063') in 0.000389 seconds
Number of updated asset objects reloaded before import = 0
Number of asset objects unloaded after import = 0
========================================================================
Received Import Request.
  Time since last request: 88.926621 seconds.
  path: Assets/External Assets/Terrain
  artifactKey: Guid(ba15500cf629f4d41a1ebb9d242ee191) Importer(815301076,1909f56bfc062723c751e8b465ee728b)
Start importing Assets/External Assets/Terrain using Guid(ba15500cf629f4d41a1ebb9d242ee191) Importer(815301076,1909f56bfc062723c751e8b465ee728b)  -> (artifact id: 'a453acf43a849d1e064368d345576e73') in 0.000380 seconds
Number of updated asset objects reloaded before import = 0
Number of asset objects unloaded after import = 0
========================================================================
Received Import Request.
  Time since last request: 1.279683 seconds.
  path: Assets/External Assets/Terrain/FlatPoly Floating Islands
  artifactKey: Guid(17cffc8d1461e9c4aa2517e3529b0327) Importer(815301076,1909f56bfc062723c751e8b465ee728b)
Start importing Assets/External Assets/Terrain/FlatPoly Floating Islands using Guid(17cffc8d1461e9c4aa2517e3529b0327) Importer(815301076,1909f56bfc062723c751e8b465ee728b)  -> (artifact id: '7522bf4849ac3accb147e37d75405f6b') in 0.000383 seconds
Number of updated asset objects reloaded before import = 0
Number of asset objects unloaded after import = 0
========================================================================
Received Import Request.
  Time since last request: 1.150239 seconds.
  path: Assets/External Assets/Terrain/FlatPoly Floating Islands/Prefabs
  artifactKey: Guid(3cdd9f2c4d18ac344ade03beb178cf9e) Importer(815301076,1909f56bfc062723c751e8b465ee728b)
Start importing Assets/External Assets/Terrain/FlatPoly Floating Islands/Prefabs using Guid(3cdd9f2c4d18ac344ade03beb178cf9e) Importer(815301076,1909f56bfc062723c751e8b465ee728b)  -> (artifact id: '99ff7309cb3c38c08ffab339371f05e7') in 0.000365 seconds
Number of updated asset objects reloaded before import = 0
Number of asset objects unloaded after import = 0
========================================================================
Received Import Request.
  Time since last request: 2.951548 seconds.
  path: Assets/External Assets/Terrain/FlatPoly Floating Islands/Prefabs/Environment
  artifactKey: Guid(b2ad4440078b0b146bdbb24fc806fa94) Importer(815301076,1909f56bfc062723c751e8b465ee728b)
Start importing Assets/External Assets/Terrain/FlatPoly Floating Islands/Prefabs/Environment using Guid(b2ad4440078b0b146bdbb24fc806fa94) Importer(815301076,1909f56bfc062723c751e8b465ee728b)  -> (artifact id: '42b86f3063baef25a3d6625d7401613a') in 0.000373 seconds
Number of updated asset objects reloaded before import = 0
Number of asset objects unloaded after import = 0
========================================================================
Received Import Request.
  Time since last request: 0.092809 seconds.
  path: Assets/External Assets/Terrain/FlatPoly Floating Islands/Prefabs/Environment/island_A_01.prefab
  artifactKey: Guid(95fe2533720aeb743ade98ad01dc2812) Importer(815301076,1909f56bfc062723c751e8b465ee728b)
Start importing Assets/External Assets/Terrain/FlatPoly Floating Islands/Prefabs/Environment/island_A_01.prefab using Guid(95fe2533720aeb743ade98ad01dc2812) Importer(815301076,1909f56bfc062723c751e8b465ee728b)  -> (artifact id: '500499be60aab19673feb73157aabf95') in 0.012469 seconds
Number of updated asset objects reloaded before import = 0
Number of asset objects unloaded after import = 9
========================================================================
Received Import Request.
  Time since last request: 0.000015 seconds.
  path: Assets/External Assets/Terrain/FlatPoly Floating Islands/Prefabs/Environment/island_B_02.prefab
  artifactKey: Guid(87ba70ffeb5cf0042b9c74cf165df40c) Importer(815301076,1909f56bfc062723c751e8b465ee728b)
Start importing Assets/External Assets/Terrain/FlatPoly Floating Islands/Prefabs/Environment/island_B_02.prefab using Guid(87ba70ffeb5cf0042b9c74cf165df40c) Importer(815301076,1909f56bfc062723c751e8b465ee728b)  -> (artifact id: 'fcba47e9d8bad632fd427617a33b8a67') in 0.013716 seconds
Number of updated asset objects reloaded before import = 0
Number of asset objects unloaded after import = 9
========================================================================
Received Import Request.
  Time since last request: 0.000016 seconds.
  path: Assets/External Assets/Terrain/FlatPoly Floating Islands/Prefabs/Environment/rock_B_05.prefab
  artifactKey: Guid(1e34067b5fa7fe344ba6f9221220c9fc) Importer(815301076,1909f56bfc062723c751e8b465ee728b)
Start importing Assets/External Assets/Terrain/FlatPoly Floating Islands/Prefabs/Environment/rock_B_05.prefab using Guid(1e34067b5fa7fe344ba6f9221220c9fc) Importer(815301076,1909f56bfc062723c751e8b465ee728b)  -> (artifact id: '38be27c5573e38f871687a0d9cc9242c') in 0.015153 seconds
Number of updated asset objects reloaded before import = 0
Number of asset objects unloaded after import = 9
========================================================================
Received Import Request.
  Time since last request: 0.000017 seconds.
  path: Assets/External Assets/Terrain/FlatPoly Floating Islands/Prefabs/Environment/island_B_03.prefab
  artifactKey: Guid(7c24dd9faf5375b45a48fc2ec5611bb5) Importer(815301076,1909f56bfc062723c751e8b465ee728b)
Start importing Assets/External Assets/Terrain/FlatPoly Floating Islands/Prefabs/Environment/island_B_03.prefab using Guid(7c24dd9faf5375b45a48fc2ec5611bb5) Importer(815301076,1909f56bfc062723c751e8b465ee728b)  -> (artifact id: 'cc86b8e3fe8487d26c1ae510572f7d43') in 0.013730 seconds
Number of updated asset objects reloaded before import = 0
Number of asset objects unloaded after import = 9
========================================================================
Received Import Request.
  Time since last request: 0.000018 seconds.
  path: Assets/External Assets/Terrain/FlatPoly Floating Islands/Prefabs/Environment/island_C_02.prefab
  artifactKey: Guid(e8af5c3fb2315a346a436c1c610678bb) Importer(815301076,1909f56bfc062723c751e8b465ee728b)
Start importing Assets/External Assets/Terrain/FlatPoly Floating Islands/Prefabs/Environment/island_C_02.prefab using Guid(e8af5c3fb2315a346a436c1c610678bb) Importer(815301076,1909f56bfc062723c751e8b465ee728b)  -> (artifact id: '9d331e2a5f796623c5c157b78b9cc81c') in 0.013968 seconds
Number of updated asset objects reloaded before import = 0
Number of asset objects unloaded after import = 9
========================================================================
Received Import Request.
  Time since last request: 0.000015 seconds.
  path: Assets/External Assets/Terrain/FlatPoly Floating Islands/Prefabs/Environment/island_D_01.prefab
  artifactKey: Guid(d4de3ef49b2bacd49b5323211ec53005) Importer(815301076,1909f56bfc062723c751e8b465ee728b)
Start importing Assets/External Assets/Terrain/FlatPoly Floating Islands/Prefabs/Environment/island_D_01.prefab using Guid(d4de3ef49b2bacd49b5323211ec53005) Importer(815301076,1909f56bfc062723c751e8b465ee728b)  -> (artifact id: '6492a2688af92e34e194a3fb026bfebf') in 0.014983 seconds
Number of updated asset objects reloaded before import = 0
Number of asset objects unloaded after import = 9
========================================================================
Received Import Request.
  Time since last request: 0.000023 seconds.
  path: Assets/External Assets/Terrain/FlatPoly Floating Islands/Prefabs/Environment/platform_B_01.prefab
  artifactKey: Guid(407387324762870468d85ad61dd08f3f) Importer(815301076,1909f56bfc062723c751e8b465ee728b)
Start importing Assets/External Assets/Terrain/FlatPoly Floating Islands/Prefabs/Environment/platform_B_01.prefab using Guid(407387324762870468d85ad61dd08f3f) Importer(815301076,1909f56bfc062723c751e8b465ee728b)  -> (artifact id: '666f0e709c1d56ebe08b36ba7df8f861') in 0.012180 seconds
Number of updated asset objects reloaded before import = 0
Number of asset objects unloaded after import = 9
========================================================================
Received Import Request.
  Time since last request: 0.000019 seconds.
  path: Assets/External Assets/Terrain/FlatPoly Floating Islands/Prefabs/Environment/step_C.prefab
  artifactKey: Guid(70719b92defa99e4193b6ccf402aee0e) Importer(815301076,1909f56bfc062723c751e8b465ee728b)
Start importing Assets/External Assets/Terrain/FlatPoly Floating Islands/Prefabs/Environment/step_C.prefab using Guid(70719b92defa99e4193b6ccf402aee0e) Importer(815301076,1909f56bfc062723c751e8b465ee728b)  -> (artifact id: 'a630897187300e75dddc890591d30e72') in 0.013111 seconds
Number of updated asset objects reloaded before import = 0
Number of asset objects unloaded after import = 9
========================================================================
Received Import Request.
  Time since last request: 0.000017 seconds.
  path: Assets/External Assets/Terrain/FlatPoly Floating Islands/Prefabs/Environment/platform_D_05.prefab
  artifactKey: Guid(c6e4bf8cb1d3aff41bc3f1660bd282c4) Importer(815301076,1909f56bfc062723c751e8b465ee728b)
Start importing Assets/External Assets/Terrain/FlatPoly Floating Islands/Prefabs/Environment/platform_D_05.prefab using Guid(c6e4bf8cb1d3aff41bc3f1660bd282c4) Importer(815301076,1909f56bfc062723c751e8b465ee728b)  -> (artifact id: '0698180c278352acf5da37178f9fe6fc') in 0.011635 seconds
Number of updated asset objects reloaded before import = 0
Number of asset objects unloaded after import = 9
========================================================================
Received Import Request.
  Time since last request: 0.000020 seconds.
  path: Assets/External Assets/Terrain/FlatPoly Floating Islands/Prefabs/Environment/platform_D_03.prefab
  artifactKey: Guid(68ca1c898abaf1b49b78977704fcd13b) Importer(815301076,1909f56bfc062723c751e8b465ee728b)
Start importing Assets/External Assets/Terrain/FlatPoly Floating Islands/Prefabs/Environment/platform_D_03.prefab using Guid(68ca1c898abaf1b49b78977704fcd13b) Importer(815301076,1909f56bfc062723c751e8b465ee728b)  -> (artifact id: '215d41eaba29b0693ed9e070aed7298a') in 0.011988 seconds
Number of updated asset objects reloaded before import = 0
Number of asset objects unloaded after import = 9
========================================================================
Received Import Request.
  Time since last request: 0.000017 seconds.
  path: Assets/External Assets/Terrain/FlatPoly Floating Islands/Prefabs/Environment/platform_A_03.prefab
  artifactKey: Guid(eef6afac8029c054897278b66d51f44f) Importer(815301076,1909f56bfc062723c751e8b465ee728b)
Start importing Assets/External Assets/Terrain/FlatPoly Floating Islands/Prefabs/Environment/platform_A_03.prefab using Guid(eef6afac8029c054897278b66d51f44f) Importer(815301076,1909f56bfc062723c751e8b465ee728b)  -> (artifact id: '105d69897413cce4ac78c18cbc3868eb') in 0.013288 seconds
Number of updated asset objects reloaded before import = 0
Number of asset objects unloaded after import = 9
========================================================================
Received Import Request.
  Time since last request: 0.000021 seconds.
  path: Assets/External Assets/Terrain/FlatPoly Floating Islands/Prefabs/Environment/rock_A_01.prefab
  artifactKey: Guid(55bd602794a4e9d41b9365fd695caa87) Importer(815301076,1909f56bfc062723c751e8b465ee728b)
Start importing Assets/External Assets/Terrain/FlatPoly Floating Islands/Prefabs/Environment/rock_A_01.prefab using Guid(55bd602794a4e9d41b9365fd695caa87) Importer(815301076,1909f56bfc062723c751e8b465ee728b)  -> (artifact id: 'e479eda9d09498dea273791ea99e7e63') in 0.012195 seconds
Number of updated asset objects reloaded before import = 0
Number of asset objects unloaded after import = 9
========================================================================
Received Import Request.
  Time since last request: 0.000021 seconds.
  path: Assets/External Assets/Terrain/FlatPoly Floating Islands/Prefabs/Environment/platform_D_01.prefab
  artifactKey: Guid(4876715f92d30a040a6785bfb1a71c90) Importer(815301076,1909f56bfc062723c751e8b465ee728b)
Start importing Assets/External Assets/Terrain/FlatPoly Floating Islands/Prefabs/Environment/platform_D_01.prefab using Guid(4876715f92d30a040a6785bfb1a71c90) Importer(815301076,1909f56bfc062723c751e8b465ee728b)  -> (artifact id: '7ae58a00e308511e1cb4d96d8126733c') in 0.013022 seconds
Number of updated asset objects reloaded before import = 0
Number of asset objects unloaded after import = 9
========================================================================
Received Import Request.
  Time since last request: 0.000012 seconds.
  path: Assets/External Assets/Terrain/FlatPoly Floating Islands/Prefabs/Environment/platform_B_04.prefab
  artifactKey: Guid(785b55d1ccd47034e8d3505780c6e9ee) Importer(815301076,1909f56bfc062723c751e8b465ee728b)
Start importing Assets/External Assets/Terrain/FlatPoly Floating Islands/Prefabs/Environment/platform_B_04.prefab using Guid(785b55d1ccd47034e8d3505780c6e9ee) Importer(815301076,1909f56bfc062723c751e8b465ee728b)  -> (artifact id: 'bcf712ee164b34de5ce5a25ff918eab4') in 0.011454 seconds
Number of updated asset objects reloaded before import = 0
Number of asset objects unloaded after import = 9
========================================================================
Received Import Request.
  Time since last request: 0.000014 seconds.
  path: Assets/External Assets/Terrain/FlatPoly Floating Islands/Prefabs/Environment/rock_B_06.prefab
  artifactKey: Guid(71d9ac8f41d09d143a75c692c68b1ce6) Importer(815301076,1909f56bfc062723c751e8b465ee728b)
Start importing Assets/External Assets/Terrain/FlatPoly Floating Islands/Prefabs/Environment/rock_B_06.prefab using Guid(71d9ac8f41d09d143a75c692c68b1ce6) Importer(815301076,1909f56bfc062723c751e8b465ee728b)  -> (artifact id: '546b50743cbce13d33a00a601f1ab163') in 0.011746 seconds
Number of updated asset objects reloaded before import = 0
Number of asset objects unloaded after import = 9
========================================================================
Received Import Request.
  Time since last request: 0.000017 seconds.
  path: Assets/External Assets/Terrain/FlatPoly Floating Islands/Prefabs/Environment/island_D_03.prefab
  artifactKey: Guid(6ce0ca3dc6ddf3346b91b194af53e741) Importer(815301076,1909f56bfc062723c751e8b465ee728b)
Start importing Assets/External Assets/Terrain/FlatPoly Floating Islands/Prefabs/Environment/island_D_03.prefab using Guid(6ce0ca3dc6ddf3346b91b194af53e741) Importer(815301076,1909f56bfc062723c751e8b465ee728b)  -> (artifact id: '7e9fe342e93315a5d805cd8bdeb55e7e') in 0.012466 seconds
Number of updated asset objects reloaded before import = 0
Number of asset objects unloaded after import = 9
========================================================================
Received Import Request.
  Time since last request: 0.000018 seconds.
  path: Assets/External Assets/Terrain/FlatPoly Floating Islands/Prefabs/Environment/step_D.prefab
  artifactKey: Guid(27f5ebdec57210c4ab71c14104508ffc) Importer(815301076,1909f56bfc062723c751e8b465ee728b)
Start importing Assets/External Assets/Terrain/FlatPoly Floating Islands/Prefabs/Environment/step_D.prefab using Guid(27f5ebdec57210c4ab71c14104508ffc) Importer(815301076,1909f56bfc062723c751e8b465ee728b)  -> (artifact id: 'd7e7ec8d30f20e3c2128f0a869651707') in 0.011279 seconds
Number of updated asset objects reloaded before import = 0
Number of asset objects unloaded after import = 9
========================================================================
Received Import Request.
  Time since last request: 0.000018 seconds.
  path: Assets/External Assets/Terrain/FlatPoly Floating Islands/Prefabs/Environment/platform_C_01.prefab
  artifactKey: Guid(ea659b8744c4b674da8200d2e9ce546e) Importer(815301076,1909f56bfc062723c751e8b465ee728b)
Start importing Assets/External Assets/Terrain/FlatPoly Floating Islands/Prefabs/Environment/platform_C_01.prefab using Guid(ea659b8744c4b674da8200d2e9ce546e) Importer(815301076,1909f56bfc062723c751e8b465ee728b)  -> (artifact id: '2707d45eb678c69f81fba1686eebe0d4') in 0.011725 seconds
Number of updated asset objects reloaded before import = 0
Number of asset objects unloaded after import = 9
========================================================================
Received Import Request.
  Time since last request: 0.000015 seconds.
  path: Assets/External Assets/Terrain/FlatPoly Floating Islands/Prefabs/Environment/island_A_03.prefab
  artifactKey: Guid(0256786fc7c3f5e4a998fe97d557d21b) Importer(815301076,1909f56bfc062723c751e8b465ee728b)
Start importing Assets/External Assets/Terrain/FlatPoly Floating Islands/Prefabs/Environment/island_A_03.prefab using Guid(0256786fc7c3f5e4a998fe97d557d21b) Importer(815301076,1909f56bfc062723c751e8b465ee728b)  -> (artifact id: 'aa13d9fbc0d4ebc0cf3eab286787a343') in 0.011284 seconds
Number of updated asset objects reloaded before import = 0
Number of asset objects unloaded after import = 9
========================================================================
Received Import Request.
  Time since last request: 0.000013 seconds.
  path: Assets/External Assets/Terrain/FlatPoly Floating Islands/Prefabs/Environment/platform_D_04.prefab
  artifactKey: Guid(bc24363dfd6f63e4abfc725ebaa66e52) Importer(815301076,1909f56bfc062723c751e8b465ee728b)
Start importing Assets/External Assets/Terrain/FlatPoly Floating Islands/Prefabs/Environment/platform_D_04.prefab using Guid(bc24363dfd6f63e4abfc725ebaa66e52) Importer(815301076,1909f56bfc062723c751e8b465ee728b)  -> (artifact id: '388916428f3e98a03ce1be6705108c1b') in 0.011933 seconds
Number of updated asset objects reloaded before import = 0
Number of asset objects unloaded after import = 9
========================================================================
Received Import Request.
  Time since last request: 0.000018 seconds.
  path: Assets/External Assets/Terrain/FlatPoly Floating Islands/Prefabs/Environment/platform_C_02.prefab
  artifactKey: Guid(f0a291ea0f3501f438f285907ce69209) Importer(815301076,1909f56bfc062723c751e8b465ee728b)
Start importing Assets/External Assets/Terrain/FlatPoly Floating Islands/Prefabs/Environment/platform_C_02.prefab using Guid(f0a291ea0f3501f438f285907ce69209) Importer(815301076,1909f56bfc062723c751e8b465ee728b)  -> (artifact id: 'b1bbe7411242c1b37b381be47575387a') in 0.013146 seconds
Number of updated asset objects reloaded before import = 0
Number of asset objects unloaded after import = 9
Editor requested this worker to shutdown with reason: Scaling down because of idle timeout
TcpMessagingSession - receive error: operation aborted. errorcode: 995, details: 스레드 종료 또는 응용 프로그램 요청 때문에 I/O 작업이 취소되었습니다.
AssetImportWorker is now disconnected from the server
Process exiting
Exiting without the bug reporter. Application will terminate with return code 0