Using pre-set license
Built from '2022.3/staging' branch; Version is '2022.3.14f1 (eff2de9070d8) revision 15725278'; Using compiler version '192829333'; Build Type 'Release'
OS: 'Windows 10  (10.0.19045) 64bit Education' Language: 'ko' Physical Memory: 16297 MB
BatchMode: 1, IsHumanControllingUs: 0, StartBugReporterOnCrash: 0, Is64bit: 1, IsPro: 1

COMMAND LINE ARGUMENTS:
C:\Program Files\Unity\Hub\Editor\2022.3.14f1\Editor\Unity.exe
-adb2
-batchMode
-noUpm
-name
AssetImportWorker1
-projectPath
C:/Users/Administrator/Desktop/PhotonJuly-main/Photon Server Game
-logFile
Logs/AssetImportWorker1.log
-srvPort
49681
Successfully changed project path to: C:/Users/Administrator/Desktop/PhotonJuly-main/Photon Server Game
C:/Users/Administrator/Desktop/PhotonJuly-main/Photon Server Game
[UnityMemory] Configuration Parameters - Can be set up in boot.config
    "memorysetup-bucket-allocator-granularity=16"
    "memorysetup-bucket-allocator-bucket-count=8"
    "memorysetup-bucket-allocator-block-size=33554432"
    "memorysetup-bucket-allocator-block-count=8"
    "memorysetup-main-allocator-block-size=16777216"
    "memorysetup-thread-allocator-block-size=16777216"
    "memorysetup-gfx-main-allocator-block-size=16777216"
    "memorysetup-gfx-thread-allocator-block-size=16777216"
    "memorysetup-cache-allocator-block-size=4194304"
    "memorysetup-typetree-allocator-block-size=2097152"
    "memorysetup-profiler-bucket-allocator-granularity=16"
    "memorysetup-profiler-bucket-allocator-bucket-count=8"
    "memorysetup-profiler-bucket-allocator-block-size=33554432"
    "memorysetup-profiler-bucket-allocator-block-count=8"
    "memorysetup-profiler-allocator-block-size=16777216"
    "memorysetup-profiler-editor-allocator-block-size=1048576"
    "memorysetup-temp-allocator-size-main=16777216"
    "memorysetup-job-temp-allocator-block-size=2097152"
    "memorysetup-job-temp-allocator-block-size-background=1048576"
    "memorysetup-job-temp-allocator-reduction-small-platforms=262144"
    "memorysetup-allocator-temp-initial-block-size-main=262144"
    "memorysetup-allocator-temp-initial-block-size-worker=262144"
    "memorysetup-temp-allocator-size-background-worker=32768"
    "memorysetup-temp-allocator-size-job-worker=262144"
    "memorysetup-temp-allocator-size-preload-manager=33554432"
    "memorysetup-temp-allocator-size-nav-mesh-worker=65536"
    "memorysetup-temp-allocator-size-audio-worker=65536"
    "memorysetup-temp-allocator-size-cloud-worker=32768"
    "memorysetup-temp-allocator-size-gi-baking-worker=262144"
    "memorysetup-temp-allocator-size-gfx=262144"
Player connection [6536] Host "[IP] 192.168.0.62 [Port] 0 [Flags] 2 [Guid] 4160160642 [EditorId] 4160160642 [Version] 1048832 [Id] WindowsEditor(7,I-06) [Debug] 1 [PackageName] WindowsEditor [ProjectName] Editor" joined multi-casting on [225.0.0.222:54997]...

Player connection [6536] Host "[IP] 192.168.0.62 [Port] 0 [Flags] 2 [Guid] 4160160642 [EditorId] 4160160642 [Version] 1048832 [Id] WindowsEditor(7,I-06) [Debug] 1 [PackageName] WindowsEditor [ProjectName] Editor" joined alternative multi-casting on [225.0.0.222:34997]...

[Physics::Module] Initialized MultithreadedJobDispatcher with 15 workers.
Refreshing native plugins compatible for Editor in 10.94 ms, found 3 plugins.
Preloading 0 native plugins for Editor in 0.00 ms.
Initialize engine version: 2022.3.14f1 (eff2de9070d8)
[Subsystems] Discovering subsystems at path C:/Program Files/Unity/Hub/Editor/2022.3.14f1/Editor/Data/Resources/UnitySubsystems
[Subsystems] Discovering subsystems at path C:/Users/Administrator/Desktop/PhotonJuly-main/Photon Server Game/Assets
GfxDevice: creating device client; threaded=0; jobified=0
Direct3D:
    Version:  Direct3D 11.0 [level 11.1]
    Renderer: NVIDIA GeForce GTX 1660 (ID=0x2184)
    Vendor:   NVIDIA
    VRAM:     5980 MB
    Driver:   31.0.15.3623
Initialize mono
Mono path[0] = 'C:/Program Files/Unity/Hub/Editor/2022.3.14f1/Editor/Data/Managed'
Mono path[1] = 'C:/Program Files/Unity/Hub/Editor/2022.3.14f1/Editor/Data/MonoBleedingEdge/lib/mono/unityjit-win32'
Mono config path = 'C:/Program Files/Unity/Hub/Editor/2022.3.14f1/Editor/Data/MonoBleedingEdge/etc'
Using monoOptions --debugger-agent=transport=dt_socket,embedding=1,server=y,suspend=n,address=127.0.0.1:56288
Begin MonoManager ReloadAssembly
Registering precompiled unity dll's ...
Register platform support module: C:/Program Files/Unity/Hub/Editor/2022.3.14f1/Editor/Data/PlaybackEngines/WebGLSupport/UnityEditor.WebGL.Extensions.dll
Register platform support module: C:/Program Files/Unity/Hub/Editor/2022.3.14f1/Editor/Data/PlaybackEngines/AndroidPlayer/UnityEditor.Android.Extensions.dll
Register platform support module: C:/Program Files/Unity/Hub/Editor/2022.3.14f1/Editor/Data/PlaybackEngines/WindowsStandaloneSupport/UnityEditor.WindowsStandalone.Extensions.dll
Register platform support module: C:/Program Files/Unity/Hub/Editor/2022.3.14f1/Editor/Data/PlaybackEngines/MetroSupport/UnityEditor.UWP.Extensions.dll
Registered in 0.007291 seconds.
- Loaded All Assemblies, in  0.340 seconds
Native extension for UWP target not found
Native extension for WindowsStandalone target not found
Native extension for Android target not found
Android Extension - Scanning For ADB Devices 245 ms
Native extension for WebGL target not found
Mono: successfully reloaded assembly
- Finished resetting the current domain, in  0.538 seconds
Domain Reload Profiling: 878ms
	BeginReloadAssembly (105ms)
		ExecutionOrderSort (0ms)
		DisableScriptedObjects (0ms)
		BackupInstance (0ms)
		ReleaseScriptingObjects (0ms)
		CreateAndSetChildDomain (1ms)
	RebuildCommonClasses (31ms)
	RebuildNativeTypeToScriptingClass (13ms)
	initialDomainReloadingComplete (50ms)
	LoadAllAssembliesAndSetupDomain (141ms)
		LoadAssemblies (106ms)
		RebuildTransferFunctionScriptingTraits (0ms)
		AnalyzeDomain (138ms)
			TypeCache.Refresh (137ms)
				TypeCache.ScanAssembly (124ms)
			ScanForSourceGeneratedMonoScriptInfo (0ms)
			ResolveRequiredComponents (0ms)
	FinalizeReload (538ms)
		ReleaseScriptCaches (0ms)
		RebuildScriptCaches (0ms)
		SetupLoadedEditorAssemblies (487ms)
			LogAssemblyErrors (0ms)
			InitializePlatformSupportModulesInManaged (344ms)
			SetLoadedEditorAssemblies (4ms)
			RefreshPlugins (0ms)
			BeforeProcessingInitializeOnLoad (2ms)
			ProcessInitializeOnLoadAttributes (89ms)
			ProcessInitializeOnLoadMethodAttributes (48ms)
			AfterProcessingInitializeOnLoad (0ms)
			EditorAssembliesLoaded (0ms)
		ExecutionOrderSort2 (0ms)
		AwakeInstancesAfterBackupRestoration (0ms)
========================================================================
Worker process is ready to serve import requests
Begin MonoManager ReloadAssembly
- Loaded All Assemblies, in  0.668 seconds
Refreshing native plugins compatible for Editor in 3.38 ms, found 3 plugins.
Native extension for UWP target not found
Native extension for WindowsStandalone target not found
Native extension for Android target not found
Native extension for WebGL target not found
Package Manager log level set to [2]
[Package Manager] Server::EnsureServerProcessIsRunning -- launch failed, reason: Unity was launched with the -noUpm command-line argument
[Package Manager] UpmClient::Send -- Unable to send message (not connected to UPM process).
[Package Manager] Cannot connect to Unity Package Manager local server
Mono: successfully reloaded assembly
- Finished resetting the current domain, in  0.858 seconds
Domain Reload Profiling: 1526ms
	BeginReloadAssembly (137ms)
		ExecutionOrderSort (0ms)
		DisableScriptedObjects (5ms)
		BackupInstance (0ms)
		ReleaseScriptingObjects (0ms)
		CreateAndSetChildDomain (21ms)
	RebuildCommonClasses (34ms)
	RebuildNativeTypeToScriptingClass (10ms)
	initialDomainReloadingComplete (42ms)
	LoadAllAssembliesAndSetupDomain (444ms)
		LoadAssemblies (300ms)
		RebuildTransferFunctionScriptingTraits (0ms)
		AnalyzeDomain (224ms)
			TypeCache.Refresh (198ms)
				TypeCache.ScanAssembly (174ms)
			ScanForSourceGeneratedMonoScriptInfo (17ms)
			ResolveRequiredComponents (7ms)
	FinalizeReload (858ms)
		ReleaseScriptCaches (0ms)
		RebuildScriptCaches (0ms)
		SetupLoadedEditorAssemblies (691ms)
			LogAssemblyErrors (0ms)
			InitializePlatformSupportModulesInManaged (23ms)
			SetLoadedEditorAssemblies (4ms)
			RefreshPlugins (0ms)
			BeforeProcessingInitializeOnLoad (55ms)
			ProcessInitializeOnLoadAttributes (582ms)
			ProcessInitializeOnLoadMethodAttributes (23ms)
			AfterProcessingInitializeOnLoad (3ms)
			EditorAssembliesLoaded (0ms)
		ExecutionOrderSort2 (0ms)
		AwakeInstancesAfterBackupRestoration (13ms)
Launched and connected shader compiler UnityShaderCompiler.exe after 0.03 seconds
Refreshing native plugins compatible for Editor in 4.06 ms, found 3 plugins.
Preloading 0 native plugins for Editor in 0.00 ms.
Unloading 3463 Unused Serialized files (Serialized files now loaded: 0)
Unloading 48 unused Assets / (62.5 KB). Loaded Objects now: 3920.
Memory consumption went from 140.4 MB to 140.4 MB.
Total: 3.776600 ms (FindLiveObjects: 0.343000 ms CreateObjectMapping: 0.352500 ms MarkObjects: 2.917300 ms  DeleteObjects: 0.162700 ms)

AssetImportParameters requested are different than current active one (requested -> active):
  custom:container-demuxer-ogg: 62fdf1f143b41e24485cea50d1cbac27 -> 
  custom:video-decoder-ogg-theora: a1e56fd34408186e4bbccfd4996cb3dc -> 
  custom:framework-win-MediaFoundation: 216162199b28c13a410421893ffa2e32 -> 
  custom:CustomObjectIndexerAttribute: 756ad292c208cfabdd7b50bc23989ffe -> 
  custom:container-demuxer-webm: 4f35f7cbe854078d1ac9338744f61a02 -> 
  custom:container-muxer-webm: aa71ff27fc2769a1b78a27578f13a17b -> 
  custom:video-decoder-webm-vp8: 9c59270c3fd7afecdb556c50c9e8de78 -> 
  custom:SearchIndexIgnoredProperties: e643bd26f0fe6173181afceb89e7c659 -> 
  custom:AudioImporter_EditorPlatform: d09bf68614088b80899f8185d706f6e7 -> 
  custom:video-encoder-webm-vp8: eb34c28f22e8b96e1ab97ce403110664 -> 
  custom:audio-decoder-ogg-vorbis: bf7c407c2cedff20999df2af8eb42d56 -> 
  custom:audio-encoder-webm-vorbis: bf7c407c2cedff20999df2af8eb42d56 -> 
========================================================================
Received Import Request.
  Time since last request: 657.957377 seconds.
  path: Assets/Scenes/Photon Game.unity
  artifactKey: Guid(9b020b10fe5d10441a767fca6576dd64) Importer(815301076,1909f56bfc062723c751e8b465ee728b)
Start importing Assets/Scenes/Photon Game.unity using Guid(9b020b10fe5d10441a767fca6576dd64) Importer(815301076,1909f56bfc062723c751e8b465ee728b)  -> (artifact id: 'bf49c0736a1c73e1d8fb2c6f0571a2e5') in 0.003293 seconds
Number of updated asset objects reloaded before import = 0
Number of asset objects unloaded after import = 0
========================================================================
Received Import Request.
  Time since last request: 0.000025 seconds.
  path: Assets/Resources/Character.prefab
  artifactKey: Guid(aa8120cdacb2acd4fb28b584b645c745) Importer(815301076,1909f56bfc062723c751e8b465ee728b)
Start importing Assets/Resources/Character.prefab using Guid(aa8120cdacb2acd4fb28b584b645c745) Importer(815301076,1909f56bfc062723c751e8b465ee728b)  -> (artifact id: 'b07109f47a226c500ce03c6d17600360') in 0.118841 seconds
Number of updated asset objects reloaded before import = 0
Number of asset objects unloaded after import = 37
========================================================================
Received Prepare
Begin MonoManager ReloadAssembly
- Loaded All Assemblies, in  0.450 seconds
Refreshing native plugins compatible for Editor in 3.34 ms, found 3 plugins.
Native extension for UWP target not found
Native extension for WindowsStandalone target not found
Native extension for Android target not found
Native extension for WebGL target not found
[Package Manager] Server::EnsureServerProcessIsRunning -- launch failed, reason: Unity was launched with the -noUpm command-line argument
[Package Manager] UpmClient::Send -- Unable to send message (not connected to UPM process).
[Package Manager] Cannot connect to Unity Package Manager local server
Mono: successfully reloaded assembly
- Finished resetting the current domain, in  1.179 seconds
Domain Reload Profiling: 1629ms
	BeginReloadAssembly (163ms)
		ExecutionOrderSort (0ms)
		DisableScriptedObjects (4ms)
		BackupInstance (0ms)
		ReleaseScriptingObjects (0ms)
		CreateAndSetChildDomain (44ms)
	RebuildCommonClasses (29ms)
	RebuildNativeTypeToScriptingClass (10ms)
	initialDomainReloadingComplete (31ms)
	LoadAllAssembliesAndSetupDomain (216ms)
		LoadAssemblies (281ms)
		RebuildTransferFunctionScriptingTraits (0ms)
		AnalyzeDomain (23ms)
			TypeCache.Refresh (9ms)
				TypeCache.ScanAssembly (1ms)
			ScanForSourceGeneratedMonoScriptInfo (6ms)
			ResolveRequiredComponents (7ms)
	FinalizeReload (1180ms)
		ReleaseScriptCaches (0ms)
		RebuildScriptCaches (0ms)
		SetupLoadedEditorAssemblies (715ms)
			LogAssemblyErrors (0ms)
			InitializePlatformSupportModulesInManaged (26ms)
			SetLoadedEditorAssemblies (4ms)
			RefreshPlugins (0ms)
			BeforeProcessingInitializeOnLoad (51ms)
			ProcessInitializeOnLoadAttributes (604ms)
			ProcessInitializeOnLoadMethodAttributes (25ms)
			AfterProcessingInitializeOnLoad (4ms)
			EditorAssembliesLoaded (0ms)
		ExecutionOrderSort2 (0ms)
		AwakeInstancesAfterBackupRestoration (19ms)
Refreshing native plugins compatible for Editor in 3.72 ms, found 3 plugins.
Preloading 0 native plugins for Editor in 0.00 ms.
Unloading 3438 Unused Serialized files (Serialized files now loaded: 0)
Unloading 35 unused Assets / (37.0 KB). Loaded Objects now: 3935.
Memory consumption went from 137.2 MB to 137.2 MB.
Total: 2.552000 ms (FindLiveObjects: 0.269500 ms CreateObjectMapping: 0.239900 ms MarkObjects: 2.001300 ms  DeleteObjects: 0.040700 ms)

Prepare: number of updated asset objects reloaded= 1
AssetImportParameters requested are different than current active one (requested -> active):
  custom:container-demuxer-ogg: 62fdf1f143b41e24485cea50d1cbac27 -> 
  custom:video-decoder-ogg-theora: a1e56fd34408186e4bbccfd4996cb3dc -> 
  custom:framework-win-MediaFoundation: 216162199b28c13a410421893ffa2e32 -> 
  custom:CustomObjectIndexerAttribute: 756ad292c208cfabdd7b50bc23989ffe -> 
  custom:container-demuxer-webm: 4f35f7cbe854078d1ac9338744f61a02 -> 
  custom:container-muxer-webm: aa71ff27fc2769a1b78a27578f13a17b -> 
  custom:video-decoder-webm-vp8: 9c59270c3fd7afecdb556c50c9e8de78 -> 
  custom:SearchIndexIgnoredProperties: e643bd26f0fe6173181afceb89e7c659 -> 
  custom:AudioImporter_EditorPlatform: d09bf68614088b80899f8185d706f6e7 -> 
  custom:video-encoder-webm-vp8: eb34c28f22e8b96e1ab97ce403110664 -> 
  custom:audio-decoder-ogg-vorbis: bf7c407c2cedff20999df2af8eb42d56 -> 
  custom:audio-encoder-webm-vorbis: bf7c407c2cedff20999df2af8eb42d56 -> 
========================================================================
Received Prepare
Begin MonoManager ReloadAssembly
- Loaded All Assemblies, in  0.443 seconds
Refreshing native plugins compatible for Editor in 3.73 ms, found 3 plugins.
Native extension for UWP target not found
Native extension for WindowsStandalone target not found
Native extension for Android target not found
Native extension for WebGL target not found
[Package Manager] Server::EnsureServerProcessIsRunning -- launch failed, reason: Unity was launched with the -noUpm command-line argument
[Package Manager] UpmClient::Send -- Unable to send message (not connected to UPM process).
[Package Manager] Cannot connect to Unity Package Manager local server
Mono: successfully reloaded assembly
- Finished resetting the current domain, in  0.973 seconds
Domain Reload Profiling: 1416ms
	BeginReloadAssembly (148ms)
		ExecutionOrderSort (0ms)
		DisableScriptedObjects (5ms)
		BackupInstance (0ms)
		ReleaseScriptingObjects (0ms)
		CreateAndSetChildDomain (36ms)
	RebuildCommonClasses (29ms)
	RebuildNativeTypeToScriptingClass (14ms)
	initialDomainReloadingComplete (29ms)
	LoadAllAssembliesAndSetupDomain (223ms)
		LoadAssemblies (276ms)
		RebuildTransferFunctionScriptingTraits (0ms)
		AnalyzeDomain (28ms)
			TypeCache.Refresh (13ms)
				TypeCache.ScanAssembly (1ms)
			ScanForSourceGeneratedMonoScriptInfo (6ms)
			ResolveRequiredComponents (7ms)
	FinalizeReload (974ms)
		ReleaseScriptCaches (0ms)
		RebuildScriptCaches (0ms)
		SetupLoadedEditorAssemblies (569ms)
			LogAssemblyErrors (0ms)
			InitializePlatformSupportModulesInManaged (22ms)
			SetLoadedEditorAssemblies (4ms)
			RefreshPlugins (0ms)
			BeforeProcessingInitializeOnLoad (51ms)
			ProcessInitializeOnLoadAttributes (466ms)
			ProcessInitializeOnLoadMethodAttributes (21ms)
			AfterProcessingInitializeOnLoad (5ms)
			EditorAssembliesLoaded (0ms)
		ExecutionOrderSort2 (0ms)
		AwakeInstancesAfterBackupRestoration (13ms)
Refreshing native plugins compatible for Editor in 3.96 ms, found 3 plugins.
Preloading 0 native plugins for Editor in 0.00 ms.
Unloading 3438 Unused Serialized files (Serialized files now loaded: 0)
Unloading 35 unused Assets / (35.9 KB). Loaded Objects now: 3940.
Memory consumption went from 139.1 MB to 139.1 MB.
Total: 2.418500 ms (FindLiveObjects: 0.269000 ms CreateObjectMapping: 0.226300 ms MarkObjects: 1.878700 ms  DeleteObjects: 0.044000 ms)

Prepare: number of updated asset objects reloaded= 0
AssetImportParameters requested are different than current active one (requested -> active):
  custom:container-demuxer-ogg: 62fdf1f143b41e24485cea50d1cbac27 -> 
  custom:video-decoder-ogg-theora: a1e56fd34408186e4bbccfd4996cb3dc -> 
  custom:framework-win-MediaFoundation: 216162199b28c13a410421893ffa2e32 -> 
  custom:CustomObjectIndexerAttribute: 756ad292c208cfabdd7b50bc23989ffe -> 
  custom:container-demuxer-webm: 4f35f7cbe854078d1ac9338744f61a02 -> 
  custom:container-muxer-webm: aa71ff27fc2769a1b78a27578f13a17b -> 
  custom:video-decoder-webm-vp8: 9c59270c3fd7afecdb556c50c9e8de78 -> 
  custom:SearchIndexIgnoredProperties: e643bd26f0fe6173181afceb89e7c659 -> 
  custom:AudioImporter_EditorPlatform: d09bf68614088b80899f8185d706f6e7 -> 
  custom:video-encoder-webm-vp8: eb34c28f22e8b96e1ab97ce403110664 -> 
  custom:audio-decoder-ogg-vorbis: bf7c407c2cedff20999df2af8eb42d56 -> 
  custom:audio-encoder-webm-vorbis: bf7c407c2cedff20999df2af8eb42d56 -> 
========================================================================
Received Import Request.
  Time since last request: 1129.594812 seconds.
  path: Assets/Zololgo/FlatPoly Floating Islands/Models/floating_islands_foliage.obj
  artifactKey: Guid(5e87f13aea6549a4fab98bebe6f3d676) Importer(815301076,1909f56bfc062723c751e8b465ee728b)
Start importing Assets/Zololgo/FlatPoly Floating Islands/Models/floating_islands_foliage.obj using Guid(5e87f13aea6549a4fab98bebe6f3d676) Importer(815301076,1909f56bfc062723c751e8b465ee728b)  -> (artifact id: '2d3b6ce44b51f539c05f8b33a0ca66d3') in 0.191282 seconds
Number of updated asset objects reloaded before import = 0
Number of asset objects unloaded after import = 104
========================================================================
Received Import Request.
  Time since last request: 0.000029 seconds.
  path: Assets/Zololgo/FlatPoly Floating Islands/Models/floating_islands_other.obj
  artifactKey: Guid(3ba712566fc5561499e3869933cfba26) Importer(815301076,1909f56bfc062723c751e8b465ee728b)
Start importing Assets/Zololgo/FlatPoly Floating Islands/Models/floating_islands_other.obj using Guid(3ba712566fc5561499e3869933cfba26) Importer(815301076,1909f56bfc062723c751e8b465ee728b)  -> (artifact id: '83a26161889cb4092a3fb8f21d54fd1c') in 0.101000 seconds
Number of updated asset objects reloaded before import = 0
Number of asset objects unloaded after import = 94
========================================================================
Received Import Request.
  Time since last request: 191.982185 seconds.
  path: Assets/External Assets/Terrain/FlatPoly Floating Islands/Prefabs/Environment/island_A_02.prefab
  artifactKey: Guid(38f73a770c57e2543a97af44a00b1d4d) Importer(815301076,1909f56bfc062723c751e8b465ee728b)
Start importing Assets/External Assets/Terrain/FlatPoly Floating Islands/Prefabs/Environment/island_A_02.prefab using Guid(38f73a770c57e2543a97af44a00b1d4d) Importer(815301076,1909f56bfc062723c751e8b465ee728b)  -> (artifact id: 'a1019420145dbde0924a1b9816c453db') in 0.015865 seconds
Number of updated asset objects reloaded before import = 0
Number of asset objects unloaded after import = 9
========================================================================
Received Import Request.
  Time since last request: 0.000020 seconds.
  path: Assets/External Assets/Terrain/FlatPoly Floating Islands/Prefabs/Environment/island_D_02.prefab
  artifactKey: Guid(46e0032fdef51c14ca01e02a0c5c51a3) Importer(815301076,1909f56bfc062723c751e8b465ee728b)
Start importing Assets/External Assets/Terrain/FlatPoly Floating Islands/Prefabs/Environment/island_D_02.prefab using Guid(46e0032fdef51c14ca01e02a0c5c51a3) Importer(815301076,1909f56bfc062723c751e8b465ee728b)  -> (artifact id: 'aa6221b886e4dd1bc34a2b24c7f20e24') in 0.013184 seconds
Number of updated asset objects reloaded before import = 0
Number of asset objects unloaded after import = 9
========================================================================
Received Import Request.
  Time since last request: 0.000013 seconds.
  path: Assets/External Assets/Terrain/FlatPoly Floating Islands/Prefabs/Environment/step_B.prefab
  artifactKey: Guid(5b87aaa8ae62bda4c9b439c47c58af88) Importer(815301076,1909f56bfc062723c751e8b465ee728b)
Start importing Assets/External Assets/Terrain/FlatPoly Floating Islands/Prefabs/Environment/step_B.prefab using Guid(5b87aaa8ae62bda4c9b439c47c58af88) Importer(815301076,1909f56bfc062723c751e8b465ee728b)  -> (artifact id: 'd333317be50592de15f904fc009a696d') in 0.013986 seconds
Number of updated asset objects reloaded before import = 0
Number of asset objects unloaded after import = 9
========================================================================
Received Import Request.
  Time since last request: 0.000018 seconds.
  path: Assets/External Assets/Terrain/FlatPoly Floating Islands/Prefabs/Environment/island_C_03.prefab
  artifactKey: Guid(e6f0ebdf9ad4d5f4fa7c752162158e8e) Importer(815301076,1909f56bfc062723c751e8b465ee728b)
Start importing Assets/External Assets/Terrain/FlatPoly Floating Islands/Prefabs/Environment/island_C_03.prefab using Guid(e6f0ebdf9ad4d5f4fa7c752162158e8e) Importer(815301076,1909f56bfc062723c751e8b465ee728b)  -> (artifact id: '66759936837b68b685852528a3207929') in 0.013119 seconds
Number of updated asset objects reloaded before import = 0
Number of asset objects unloaded after import = 9
========================================================================
Received Import Request.
  Time since last request: 0.000016 seconds.
  path: Assets/External Assets/Terrain/FlatPoly Floating Islands/Prefabs/Environment/platform_B_03.prefab
  artifactKey: Guid(f5e82a095a05b2449a438057d976f9cf) Importer(815301076,1909f56bfc062723c751e8b465ee728b)
Start importing Assets/External Assets/Terrain/FlatPoly Floating Islands/Prefabs/Environment/platform_B_03.prefab using Guid(f5e82a095a05b2449a438057d976f9cf) Importer(815301076,1909f56bfc062723c751e8b465ee728b)  -> (artifact id: 'f14c8aac80bd6a91c792038c5c5bcee6') in 0.012600 seconds
Number of updated asset objects reloaded before import = 0
Number of asset objects unloaded after import = 9
========================================================================
Received Import Request.
  Time since last request: 0.000021 seconds.
  path: Assets/External Assets/Terrain/FlatPoly Floating Islands/Prefabs/Environment/rock_A_02.prefab
  artifactKey: Guid(c0d2547f98835844d92f3d0708f62278) Importer(815301076,1909f56bfc062723c751e8b465ee728b)
Start importing Assets/External Assets/Terrain/FlatPoly Floating Islands/Prefabs/Environment/rock_A_02.prefab using Guid(c0d2547f98835844d92f3d0708f62278) Importer(815301076,1909f56bfc062723c751e8b465ee728b)  -> (artifact id: 'ba789e3f1322cec6dea517210f6deaaf') in 0.013849 seconds
Number of updated asset objects reloaded before import = 0
Number of asset objects unloaded after import = 9
========================================================================
Received Import Request.
  Time since last request: 0.000015 seconds.
  path: Assets/External Assets/Terrain/FlatPoly Floating Islands/Prefabs/Environment/platform_A_02.prefab
  artifactKey: Guid(d94ccb0bfdfc14041a0f5f4fa9a697a2) Importer(815301076,1909f56bfc062723c751e8b465ee728b)
Start importing Assets/External Assets/Terrain/FlatPoly Floating Islands/Prefabs/Environment/platform_A_02.prefab using Guid(d94ccb0bfdfc14041a0f5f4fa9a697a2) Importer(815301076,1909f56bfc062723c751e8b465ee728b)  -> (artifact id: '76aad761d797fe4b80a072fe76848709') in 0.013513 seconds
Number of updated asset objects reloaded before import = 0
Number of asset objects unloaded after import = 9
========================================================================
Received Import Request.
  Time since last request: 0.000016 seconds.
  path: Assets/External Assets/Terrain/FlatPoly Floating Islands/Prefabs/Environment/island_B_01.prefab
  artifactKey: Guid(fde337a468e20014bafb68143b6a0063) Importer(815301076,1909f56bfc062723c751e8b465ee728b)
Start importing Assets/External Assets/Terrain/FlatPoly Floating Islands/Prefabs/Environment/island_B_01.prefab using Guid(fde337a468e20014bafb68143b6a0063) Importer(815301076,1909f56bfc062723c751e8b465ee728b)  -> (artifact id: 'd09e4594280b22eb8ad4a516cf4f9e92') in 0.012868 seconds
Number of updated asset objects reloaded before import = 0
Number of asset objects unloaded after import = 9
========================================================================
Received Import Request.
  Time since last request: 0.000013 seconds.
  path: Assets/External Assets/Terrain/FlatPoly Floating Islands/Prefabs/Environment/platform_C_05.prefab
  artifactKey: Guid(08ec380a0584c88439caf007d5c94115) Importer(815301076,1909f56bfc062723c751e8b465ee728b)
Start importing Assets/External Assets/Terrain/FlatPoly Floating Islands/Prefabs/Environment/platform_C_05.prefab using Guid(08ec380a0584c88439caf007d5c94115) Importer(815301076,1909f56bfc062723c751e8b465ee728b)  -> (artifact id: '6f22bd2fe30334865da26e76084cd481') in 0.011470 seconds
Number of updated asset objects reloaded before import = 0
Number of asset objects unloaded after import = 9
========================================================================
Received Import Request.
  Time since last request: 0.000017 seconds.
  path: Assets/External Assets/Terrain/FlatPoly Floating Islands/Prefabs/Environment/platform_C_04.prefab
  artifactKey: Guid(89ce3ce4888b02f4c9ec0c3af800712d) Importer(815301076,1909f56bfc062723c751e8b465ee728b)
Start importing Assets/External Assets/Terrain/FlatPoly Floating Islands/Prefabs/Environment/platform_C_04.prefab using Guid(89ce3ce4888b02f4c9ec0c3af800712d) Importer(815301076,1909f56bfc062723c751e8b465ee728b)  -> (artifact id: '390bc22d4b5914656fa55b186597c31b') in 0.011681 seconds
Number of updated asset objects reloaded before import = 0
Number of asset objects unloaded after import = 9
========================================================================
Received Import Request.
  Time since last request: 0.000023 seconds.
  path: Assets/External Assets/Terrain/FlatPoly Floating Islands/Prefabs/Environment/platform_A_01.prefab
  artifactKey: Guid(a9adbf0dbd8731d40ba6ae6252f9e07c) Importer(815301076,1909f56bfc062723c751e8b465ee728b)
Start importing Assets/External Assets/Terrain/FlatPoly Floating Islands/Prefabs/Environment/platform_A_01.prefab using Guid(a9adbf0dbd8731d40ba6ae6252f9e07c) Importer(815301076,1909f56bfc062723c751e8b465ee728b)  -> (artifact id: 'beac62b05aa43ab3f085e811689b029b') in 0.013277 seconds
Number of updated asset objects reloaded before import = 0
Number of asset objects unloaded after import = 9
========================================================================
Received Import Request.
  Time since last request: 0.000023 seconds.
  path: Assets/External Assets/Terrain/FlatPoly Floating Islands/Prefabs/Environment/platform_C_03.prefab
  artifactKey: Guid(c0435ed3ab095314096e3aa3beb97d51) Importer(815301076,1909f56bfc062723c751e8b465ee728b)
Start importing Assets/External Assets/Terrain/FlatPoly Floating Islands/Prefabs/Environment/platform_C_03.prefab using Guid(c0435ed3ab095314096e3aa3beb97d51) Importer(815301076,1909f56bfc062723c751e8b465ee728b)  -> (artifact id: '19928123f95ccafb24db87fb2f9811d6') in 0.012505 seconds
Number of updated asset objects reloaded before import = 0
Number of asset objects unloaded after import = 9
========================================================================
Received Import Request.
  Time since last request: 0.000020 seconds.
  path: Assets/External Assets/Terrain/FlatPoly Floating Islands/Prefabs/Environment/platform_D_02.prefab
  artifactKey: Guid(947a23021b21047489b507ed801c98d5) Importer(815301076,1909f56bfc062723c751e8b465ee728b)
Start importing Assets/External Assets/Terrain/FlatPoly Floating Islands/Prefabs/Environment/platform_D_02.prefab using Guid(947a23021b21047489b507ed801c98d5) Importer(815301076,1909f56bfc062723c751e8b465ee728b)  -> (artifact id: '409a1eadb337caf26295d291a16f1b82') in 0.012567 seconds
Number of updated asset objects reloaded before import = 0
Number of asset objects unloaded after import = 9
========================================================================
Received Import Request.
  Time since last request: 0.000016 seconds.
  path: Assets/External Assets/Terrain/FlatPoly Floating Islands/Prefabs/Environment/rock_B_04.prefab
  artifactKey: Guid(45fb169e38e21fd4a968483cc9b0a7aa) Importer(815301076,1909f56bfc062723c751e8b465ee728b)
Start importing Assets/External Assets/Terrain/FlatPoly Floating Islands/Prefabs/Environment/rock_B_04.prefab using Guid(45fb169e38e21fd4a968483cc9b0a7aa) Importer(815301076,1909f56bfc062723c751e8b465ee728b)  -> (artifact id: '2463ca8bad97491674076d1104362212') in 0.011753 seconds
Number of updated asset objects reloaded before import = 0
Number of asset objects unloaded after import = 9
========================================================================
Received Import Request.
  Time since last request: 0.000011 seconds.
  path: Assets/External Assets/Terrain/FlatPoly Floating Islands/Prefabs/Environment/rock_A_03.prefab
  artifactKey: Guid(66bc18e6e0aee54408b69d6effc93dbc) Importer(815301076,1909f56bfc062723c751e8b465ee728b)
Start importing Assets/External Assets/Terrain/FlatPoly Floating Islands/Prefabs/Environment/rock_A_03.prefab using Guid(66bc18e6e0aee54408b69d6effc93dbc) Importer(815301076,1909f56bfc062723c751e8b465ee728b)  -> (artifact id: 'aa51ed400e970e8c6e845f0aada44c8b') in 0.011713 seconds
Number of updated asset objects reloaded before import = 0
Number of asset objects unloaded after import = 9
========================================================================
Received Import Request.
  Time since last request: 0.000012 seconds.
  path: Assets/External Assets/Terrain/FlatPoly Floating Islands/Prefabs/Environment/platform_B_05.prefab
  artifactKey: Guid(1a08afd8c7473dd4d874c74ebf22bafd) Importer(815301076,1909f56bfc062723c751e8b465ee728b)
Start importing Assets/External Assets/Terrain/FlatPoly Floating Islands/Prefabs/Environment/platform_B_05.prefab using Guid(1a08afd8c7473dd4d874c74ebf22bafd) Importer(815301076,1909f56bfc062723c751e8b465ee728b)  -> (artifact id: '90903deb133b98d072c9cfb785a56b11') in 0.011793 seconds
Number of updated asset objects reloaded before import = 0
Number of asset objects unloaded after import = 9
========================================================================
Received Import Request.
  Time since last request: 0.000016 seconds.
  path: Assets/External Assets/Terrain/FlatPoly Floating Islands/Prefabs/Environment/platform_B_02.prefab
  artifactKey: Guid(fcdf142f3b1adf84a8d03ef514947dd8) Importer(815301076,1909f56bfc062723c751e8b465ee728b)
Start importing Assets/External Assets/Terrain/FlatPoly Floating Islands/Prefabs/Environment/platform_B_02.prefab using Guid(fcdf142f3b1adf84a8d03ef514947dd8) Importer(815301076,1909f56bfc062723c751e8b465ee728b)  -> (artifact id: 'cee1be2a2966a8224f0954c3b89c4776') in 0.011537 seconds
Number of updated asset objects reloaded before import = 0
Number of asset objects unloaded after import = 9
========================================================================
Received Import Request.
  Time since last request: 0.000016 seconds.
  path: Assets/External Assets/Terrain/FlatPoly Floating Islands/Prefabs/Environment/platform_A_04.prefab
  artifactKey: Guid(797944aea48e77445be9c1913af4909b) Importer(815301076,1909f56bfc062723c751e8b465ee728b)
Start importing Assets/External Assets/Terrain/FlatPoly Floating Islands/Prefabs/Environment/platform_A_04.prefab using Guid(797944aea48e77445be9c1913af4909b) Importer(815301076,1909f56bfc062723c751e8b465ee728b)  -> (artifact id: 'd69bba018eba0feeb1c04fa485691d50') in 0.011596 seconds
Number of updated asset objects reloaded before import = 0
Number of asset objects unloaded after import = 9
========================================================================
Received Import Request.
  Time since last request: 0.000015 seconds.
  path: Assets/External Assets/Terrain/FlatPoly Floating Islands/Prefabs/Environment/platform_A_05.prefab
  artifactKey: Guid(6071f08f901cb7c488d79e521b34857e) Importer(815301076,1909f56bfc062723c751e8b465ee728b)
Start importing Assets/External Assets/Terrain/FlatPoly Floating Islands/Prefabs/Environment/platform_A_05.prefab using Guid(6071f08f901cb7c488d79e521b34857e) Importer(815301076,1909f56bfc062723c751e8b465ee728b)  -> (artifact id: '63426531cdd403eb95e5a7c809d56a26') in 0.011118 seconds
Number of updated asset objects reloaded before import = 0
Number of asset objects unloaded after import = 9
========================================================================
Received Import Request.
  Time since last request: 0.000022 seconds.
  path: Assets/External Assets/Terrain/FlatPoly Floating Islands/Prefabs/Environment/island_C_01.prefab
  artifactKey: Guid(8b404e5e7b6ccea4895a317b2617cc89) Importer(815301076,1909f56bfc062723c751e8b465ee728b)
Start importing Assets/External Assets/Terrain/FlatPoly Floating Islands/Prefabs/Environment/island_C_01.prefab using Guid(8b404e5e7b6ccea4895a317b2617cc89) Importer(815301076,1909f56bfc062723c751e8b465ee728b)  -> (artifact id: '3a4e9c3c001b4f5010523f4df650983a') in 0.014747 seconds
Number of updated asset objects reloaded before import = 0
Number of asset objects unloaded after import = 9
========================================================================
Received Import Request.
  Time since last request: 0.000014 seconds.
  path: Assets/External Assets/Terrain/FlatPoly Floating Islands/Prefabs/Environment/step_A.prefab
  artifactKey: Guid(07a907074ee5b0d40a8b2b0f9ebf8f57) Importer(815301076,1909f56bfc062723c751e8b465ee728b)
Start importing Assets/External Assets/Terrain/FlatPoly Floating Islands/Prefabs/Environment/step_A.prefab using Guid(07a907074ee5b0d40a8b2b0f9ebf8f57) Importer(815301076,1909f56bfc062723c751e8b465ee728b)  -> (artifact id: 'ee124ba0a4cd644bdbdc4a3b57165d16') in 0.012459 seconds
Number of updated asset objects reloaded before import = 0
Number of asset objects unloaded after import = 9
========================================================================
Received Import Request.
  Time since last request: 187.852618 seconds.
  path: Assets/External Assets/Terrain/FlatPoly Floating Islands/Prefabs/Foliage/acacia_B.prefab
  artifactKey: Guid(51f739c1128a66649a9f21334e2d5f14) Importer(815301076,1909f56bfc062723c751e8b465ee728b)
Start importing Assets/External Assets/Terrain/FlatPoly Floating Islands/Prefabs/Foliage/acacia_B.prefab using Guid(51f739c1128a66649a9f21334e2d5f14) Importer(815301076,1909f56bfc062723c751e8b465ee728b)  -> (artifact id: 'baa9efae105f65cc45de3810cbad5a48') in 0.014731 seconds
Number of updated asset objects reloaded before import = 0
Number of asset objects unloaded after import = 9
========================================================================
Received Import Request.
  Time since last request: 0.000018 seconds.
  path: Assets/External Assets/Terrain/FlatPoly Floating Islands/Prefabs/Foliage/pine_D_03.prefab
  artifactKey: Guid(42f1d9a93c09eca4a8cf5e877ea7896c) Importer(815301076,1909f56bfc062723c751e8b465ee728b)
Start importing Assets/External Assets/Terrain/FlatPoly Floating Islands/Prefabs/Foliage/pine_D_03.prefab using Guid(42f1d9a93c09eca4a8cf5e877ea7896c) Importer(815301076,1909f56bfc062723c751e8b465ee728b)  -> (artifact id: '57f5c56382a3911fb99d0ef3feeba17f') in 0.013547 seconds
Number of updated asset objects reloaded before import = 0
Number of asset objects unloaded after import = 9
========================================================================
Received Import Request.
  Time since last request: 0.000027 seconds.
  path: Assets/External Assets/Terrain/FlatPoly Floating Islands/Prefabs/Foliage/pine_B_03.prefab
  artifactKey: Guid(6cb1774a845d6d946a1b1c76ff79990e) Importer(815301076,1909f56bfc062723c751e8b465ee728b)
Start importing Assets/External Assets/Terrain/FlatPoly Floating Islands/Prefabs/Foliage/pine_B_03.prefab using Guid(6cb1774a845d6d946a1b1c76ff79990e) Importer(815301076,1909f56bfc062723c751e8b465ee728b)  -> (artifact id: 'f7d4ba5a2748051c650b7777b06e28d7') in 0.013744 seconds
Number of updated asset objects reloaded before import = 0
Number of asset objects unloaded after import = 9
========================================================================
Received Import Request.
  Time since last request: 0.000020 seconds.
  path: Assets/External Assets/Terrain/FlatPoly Floating Islands/Prefabs/Foliage/pine_B_01.prefab
  artifactKey: Guid(b3d826b50991cc3499d92a449707cd8c) Importer(815301076,1909f56bfc062723c751e8b465ee728b)
Start importing Assets/External Assets/Terrain/FlatPoly Floating Islands/Prefabs/Foliage/pine_B_01.prefab using Guid(b3d826b50991cc3499d92a449707cd8c) Importer(815301076,1909f56bfc062723c751e8b465ee728b)  -> (artifact id: 'a0ce04df740787eb1931a23f5ab56afc') in 0.024561 seconds
Number of updated asset objects reloaded before import = 0
Number of asset objects unloaded after import = 9
========================================================================
Received Import Request.
  Time since last request: 0.000023 seconds.
  path: Assets/External Assets/Terrain/FlatPoly Floating Islands/Prefabs/Foliage/pine_D_02.prefab
  artifactKey: Guid(8310adf3a55a10647b1ed421022fa4db) Importer(815301076,1909f56bfc062723c751e8b465ee728b)
Start importing Assets/External Assets/Terrain/FlatPoly Floating Islands/Prefabs/Foliage/pine_D_02.prefab using Guid(8310adf3a55a10647b1ed421022fa4db) Importer(815301076,1909f56bfc062723c751e8b465ee728b)  -> (artifact id: '22f466e91fd990dcd07ef5f019518ed6') in 0.012733 seconds
Number of updated asset objects reloaded before import = 0
Number of asset objects unloaded after import = 9
========================================================================
Received Import Request.
  Time since last request: 0.000015 seconds.
  path: Assets/External Assets/Terrain/FlatPoly Floating Islands/Prefabs/Foliage/acacia_D.prefab
  artifactKey: Guid(e6d211ec530ecab468a403826c48f32b) Importer(815301076,1909f56bfc062723c751e8b465ee728b)
Start importing Assets/External Assets/Terrain/FlatPoly Floating Islands/Prefabs/Foliage/acacia_D.prefab using Guid(e6d211ec530ecab468a403826c48f32b) Importer(815301076,1909f56bfc062723c751e8b465ee728b)  -> (artifact id: '61765d5b645aadb77b62984f52a54dec') in 0.016322 seconds
Number of updated asset objects reloaded before import = 0
Number of asset objects unloaded after import = 9
========================================================================
Received Import Request.
  Time since last request: 0.000018 seconds.
  path: Assets/External Assets/Terrain/FlatPoly Floating Islands/Prefabs/Foliage/pine_D_04.prefab
  artifactKey: Guid(102dcc1eaa01cb44fbd5600815e16b28) Importer(815301076,1909f56bfc062723c751e8b465ee728b)
Start importing Assets/External Assets/Terrain/FlatPoly Floating Islands/Prefabs/Foliage/pine_D_04.prefab using Guid(102dcc1eaa01cb44fbd5600815e16b28) Importer(815301076,1909f56bfc062723c751e8b465ee728b)  -> (artifact id: '682836b17b69d536f5473b4aa7fc529d') in 0.013258 seconds
Number of updated asset objects reloaded before import = 0
Number of asset objects unloaded after import = 9
========================================================================
Received Import Request.
  Time since last request: 0.000014 seconds.
  path: Assets/External Assets/Terrain/FlatPoly Floating Islands/Prefabs/Foliage/pine_A_04.prefab
  artifactKey: Guid(358c8f81eea3b2845b7de523a36e87b5) Importer(815301076,1909f56bfc062723c751e8b465ee728b)
Start importing Assets/External Assets/Terrain/FlatPoly Floating Islands/Prefabs/Foliage/pine_A_04.prefab using Guid(358c8f81eea3b2845b7de523a36e87b5) Importer(815301076,1909f56bfc062723c751e8b465ee728b)  -> (artifact id: 'b00fedaada38dbe67f6be4ac675dae16') in 0.012793 seconds
Number of updated asset objects reloaded before import = 0
Number of asset objects unloaded after import = 9
========================================================================
Received Import Request.
  Time since last request: 0.000014 seconds.
  path: Assets/External Assets/Terrain/FlatPoly Floating Islands/Prefabs/Foliage/pine_C_01.prefab
  artifactKey: Guid(fb7f775d68a03454da3b81b5c1a843bb) Importer(815301076,1909f56bfc062723c751e8b465ee728b)
Start importing Assets/External Assets/Terrain/FlatPoly Floating Islands/Prefabs/Foliage/pine_C_01.prefab using Guid(fb7f775d68a03454da3b81b5c1a843bb) Importer(815301076,1909f56bfc062723c751e8b465ee728b)  -> (artifact id: 'bea23aaafade31e11e2f9ea265f8dcca') in 0.013701 seconds
Number of updated asset objects reloaded before import = 0
Number of asset objects unloaded after import = 9
========================================================================
Received Import Request.
  Time since last request: 0.000014 seconds.
  path: Assets/External Assets/Terrain/FlatPoly Floating Islands/Prefabs/Foliage/pine_B_02.prefab
  artifactKey: Guid(145b9c30bd1da74429578c4c4eb9cd5c) Importer(815301076,1909f56bfc062723c751e8b465ee728b)
Start importing Assets/External Assets/Terrain/FlatPoly Floating Islands/Prefabs/Foliage/pine_B_02.prefab using Guid(145b9c30bd1da74429578c4c4eb9cd5c) Importer(815301076,1909f56bfc062723c751e8b465ee728b)  -> (artifact id: 'edc93f1addf2a21c41adaf60382786ad') in 0.012902 seconds
Number of updated asset objects reloaded before import = 0
Number of asset objects unloaded after import = 9
========================================================================
Received Import Request.
  Time since last request: 0.000019 seconds.
  path: Assets/External Assets/Terrain/FlatPoly Floating Islands/Prefabs/Foliage/pine_C_03.prefab
  artifactKey: Guid(8da175d9cee521042a6da85a39321c0c) Importer(815301076,1909f56bfc062723c751e8b465ee728b)
Start importing Assets/External Assets/Terrain/FlatPoly Floating Islands/Prefabs/Foliage/pine_C_03.prefab using Guid(8da175d9cee521042a6da85a39321c0c) Importer(815301076,1909f56bfc062723c751e8b465ee728b)  -> (artifact id: 'b8214dd372b1de99c60818a0bbcc0694') in 0.016497 seconds
Number of updated asset objects reloaded before import = 0
Number of asset objects unloaded after import = 9
========================================================================
Received Import Request.
  Time since last request: 0.000016 seconds.
  path: Assets/External Assets/Terrain/FlatPoly Floating Islands/Prefabs/Foliage/pine_B_04.prefab
  artifactKey: Guid(ccc767f8cc5ca094e8bad3016825f431) Importer(815301076,1909f56bfc062723c751e8b465ee728b)
Start importing Assets/External Assets/Terrain/FlatPoly Floating Islands/Prefabs/Foliage/pine_B_04.prefab using Guid(ccc767f8cc5ca094e8bad3016825f431) Importer(815301076,1909f56bfc062723c751e8b465ee728b)  -> (artifact id: '1c8417c724441ddb0b35578c6b1c77ed') in 0.012121 seconds
Number of updated asset objects reloaded before import = 0
Number of asset objects unloaded after import = 9
Editor requested this worker to shutdown with reason: Scaling down because of idle timeout
TcpMessagingSession - receive error: operation aborted. errorcode: 995, details: 스레드 종료 또는 응용 프로그램 요청 때문에 I/O 작업이 취소되었습니다.
AssetImportWorker is now disconnected from the server
Process exiting
Exiting without the bug reporter. Application will terminate with return code 0